<?xml version="1.0" encoding="UTF-8"?>
<testsuite xmlns:xsi="http://www.w3.org/2001/XMLSchema-instance" xsi:noNamespaceSchemaLocation="https://maven.apache.org/surefire/maven-surefire-plugin/xsd/surefire-test-report-3.0.xsd" version="3.0" name="com.example.demo.repository.ApplianceRepositoryTest" time="1.476" tests="3" errors="3" skipped="0" failures="0">
  <properties>
[...]
</properties>
  <testcase name="testFindAllByUserId" classname="com.example.demo.repository.ApplianceRepositoryTest" time="0.29">
    <error message="could not execute statement [NULL not allowed for column &quot;ID&quot;; SQL statement:&#10;insert into appliances (alert_date,alert_status,brand,category,condition_text,description,model,name,notes,purchase_date,recurring_interval,recurring_interval_days,serial_number,snooze_until,user_id,warranty_months) values (?,?,?,?,?,?,?,?,?,?,?,?,?,?,?,?) [23502-224]] [insert into appliances (alert_date,alert_status,brand,category,condition_text,description,model,name,notes,purchase_date,recurring_interval,recurring_interval_days,serial_number,snooze_until,user_id,warranty_months) values (?,?,?,?,?,?,?,?,?,?,?,?,?,?,?,?)]; SQL [insert into appliances (alert_date,alert_status,brand,category,condition_text,description,model,name,notes,purchase_date,recurring_interval,recurring_interval_days,serial_number,snooze_until,user_id,warranty_months) values (?,?,?,?,?,?,?,?,?,?,?,?,?,?,?,?)]; constraint [null]" type="org.springframework.dao.DataIntegrityViolationException"><![CDATA[org.springframework.dao.DataIntegrityViolationException: 
could not execute statement [NULL not allowed for column "ID"; SQL statement:
insert into appliances (alert_date,alert_status,brand,category,condition_text,description,model,name,notes,purchase_date,recurring_interval,recurring_interval_days,serial_number,snooze_until,user_id,warranty_months) values (?,?,?,?,?,?,?,?,?,?,?,?,?,?,?,?) [23502-224]] [insert into appliances (alert_date,alert_status,brand,category,condition_text,description,model,name,notes,purchase_date,recurring_interval,recurring_interval_days,serial_number,snooze_until,user_id,warranty_months) values (?,?,?,?,?,?,?,?,?,?,?,?,?,?,?,?)]; SQL [insert into appliances (alert_date,alert_status,brand,category,condition_text,description,model,name,notes,purchase_date,recurring_interval,recurring_interval_days,serial_number,snooze_until,user_id,warranty_months) values (?,?,?,?,?,?,?,?,?,?,?,?,?,?,?,?)]; constraint [null]
	at org.springframework.orm.jpa.vendor.HibernateJpaDialect.convertHibernateAccessException(HibernateJpaDialect.java:290)
	at org.springframework.orm.jpa.vendor.HibernateJpaDialect.translateExceptionIfPossible(HibernateJpaDialect.java:241)
	at org.springframework.orm.jpa.AbstractEntityManagerFactoryBean.translateExceptionIfPossible(AbstractEntityManagerFactoryBean.java:550)
	at org.springframework.dao.support.ChainedPersistenceExceptionTranslator.translateExceptionIfPossible(ChainedPersistenceExceptionTranslator.java:61)
	at org.springframework.dao.support.DataAccessUtils.translateIfNecessary(DataAccessUtils.java:335)
	at org.springframework.dao.support.PersistenceExceptionTranslationInterceptor.invoke(PersistenceExceptionTranslationInterceptor.java:160)
	at org.springframework.aop.framework.ReflectiveMethodInvocation.proceed(ReflectiveMethodInvocation.java:184)
	at org.springframework.data.jpa.repository.support.CrudMethodMetadataPostProcessor$CrudMethodMetadataPopulatingMethodInterceptor.invoke(CrudMethodMetadataPostProcessor.java:165)
	at org.springframework.aop.framework.ReflectiveMethodInvocation.proceed(ReflectiveMethodInvocation.java:184)
	at org.springframework.aop.interceptor.ExposeInvocationInterceptor.invoke(ExposeInvocationInterceptor.java:97)
	at org.springframework.aop.framework.ReflectiveMethodInvocation.proceed(ReflectiveMethodInvocation.java:184)
	at org.springframework.aop.framework.JdkDynamicAopProxy.invoke(JdkDynamicAopProxy.java:223)
	at jdk.proxy2/jdk.proxy2.$Proxy118.save(Unknown Source)
	at com.example.demo.repository.ApplianceRepositoryTest.testFindAllByUserId(ApplianceRepositoryTest.java:51)
	at java.base/java.lang.reflect.Method.invoke(Method.java:580)
	at java.base/java.util.ArrayList.forEach(ArrayList.java:1596)
	at java.base/java.util.ArrayList.forEach(ArrayList.java:1596)
Caused by: org.hibernate.exception.ConstraintViolationException: could not execute statement [NULL not allowed for column "ID"; SQL statement:
insert into appliances (alert_date,alert_status,brand,category,condition_text,description,model,name,notes,purchase_date,recurring_interval,recurring_interval_days,serial_number,snooze_until,user_id,warranty_months) values (?,?,?,?,?,?,?,?,?,?,?,?,?,?,?,?) [23502-224]] [insert into appliances (alert_date,alert_status,brand,category,condition_text,description,model,name,notes,purchase_date,recurring_interval,recurring_interval_days,serial_number,snooze_until,user_id,warranty_months) values (?,?,?,?,?,?,?,?,?,?,?,?,?,?,?,?)]
	at org.hibernate.exception.internal.SQLExceptionTypeDelegate.convert(SQLExceptionTypeDelegate.java:62)
	at org.hibernate.exception.internal.StandardSQLExceptionConverter.convert(StandardSQLExceptionConverter.java:58)
	at org.hibernate.engine.jdbc.spi.SqlExceptionHelper.convert(SqlExceptionHelper.java:108)
	at org.hibernate.engine.jdbc.internal.ResultSetReturnImpl.executeUpdate(ResultSetReturnImpl.java:197)
	at org.hibernate.id.insert.AbstractSelectingDelegate.performMutation(AbstractSelectingDelegate.java:102)
	at org.hibernate.engine.jdbc.mutation.internal.MutationExecutorSingleNonBatched.performNonBatchedOperations(MutationExecutorSingleNonBatched.java:47)
	at org.hibernate.engine.jdbc.mutation.internal.AbstractMutationExecutor.execute(AbstractMutationExecutor.java:55)
	at org.hibernate.persister.entity.mutation.InsertCoordinatorStandard.doStaticInserts(InsertCoordinatorStandard.java:194)
	at org.hibernate.persister.entity.mutation.InsertCoordinatorStandard.coordinateInsert(InsertCoordinatorStandard.java:132)
	at org.hibernate.persister.entity.mutation.InsertCoordinatorStandard.insert(InsertCoordinatorStandard.java:95)
	at org.hibernate.action.internal.EntityIdentityInsertAction.execute(EntityIdentityInsertAction.java:85)
	at org.hibernate.engine.spi.ActionQueue.execute(ActionQueue.java:671)
	at org.hibernate.engine.spi.ActionQueue.addResolvedEntityInsertAction(ActionQueue.java:292)
	at org.hibernate.engine.spi.ActionQueue.addInsertAction(ActionQueue.java:273)
	at org.hibernate.engine.spi.ActionQueue.addAction(ActionQueue.java:323)
	at org.hibernate.event.internal.AbstractSaveEventListener.addInsertAction(AbstractSaveEventListener.java:391)
	at org.hibernate.event.internal.AbstractSaveEventListener.performSaveOrReplicate(AbstractSaveEventListener.java:305)
	at org.hibernate.event.internal.AbstractSaveEventListener.performSave(AbstractSaveEventListener.java:224)
	at org.hibernate.event.internal.AbstractSaveEventListener.saveWithGeneratedId(AbstractSaveEventListener.java:137)
	at org.hibernate.event.internal.DefaultPersistEventListener.entityIsTransient(DefaultPersistEventListener.java:175)
	at org.hibernate.event.internal.DefaultPersistEventListener.persist(DefaultPersistEventListener.java:93)
	at org.hibernate.event.internal.DefaultPersistEventListener.onPersist(DefaultPersistEventListener.java:77)
	at org.hibernate.event.internal.DefaultPersistEventListener.onPersist(DefaultPersistEventListener.java:54)
	at org.hibernate.event.service.internal.EventListenerGroupImpl.fireEventOnEachListener(EventListenerGroupImpl.java:127)
	at org.hibernate.internal.SessionImpl.firePersist(SessionImpl.java:757)
	at org.hibernate.internal.SessionImpl.persist(SessionImpl.java:741)
	at java.base/jdk.internal.reflect.DirectMethodHandleAccessor.invoke(DirectMethodHandleAccessor.java:103)
	at java.base/java.lang.reflect.Method.invoke(Method.java:580)
	at org.springframework.orm.jpa.SharedEntityManagerCreator$SharedEntityManagerInvocationHandler.invoke(SharedEntityManagerCreator.java:319)
	at jdk.proxy2/jdk.proxy2.$Proxy111.persist(Unknown Source)
	at org.springframework.data.jpa.repository.support.SimpleJpaRepository.save(SimpleJpaRepository.java:626)
	at java.base/jdk.internal.reflect.DirectMethodHandleAccessor.invoke(DirectMethodHandleAccessor.java:103)
	at java.base/java.lang.reflect.Method.invoke(Method.java:580)
	at org.springframework.aop.support.AopUtils.invokeJoinpointUsingReflection(AopUtils.java:355)
	at org.springframework.data.repository.core.support.RepositoryMethodInvoker$RepositoryFragmentMethodInvoker.lambda$new$0(RepositoryMethodInvoker.java:277)
	at org.springframework.data.repository.core.support.RepositoryMethodInvoker.doInvoke(RepositoryMethodInvoker.java:170)
	at org.springframework.data.repository.core.support.RepositoryMethodInvoker.invoke(RepositoryMethodInvoker.java:158)
	at org.springframework.data.repository.core.support.RepositoryComposition$RepositoryFragments.invoke(RepositoryComposition.java:516)
	at org.springframework.data.repository.core.support.RepositoryComposition.invoke(RepositoryComposition.java:285)
	at org.springframework.data.repository.core.support.RepositoryFactorySupport$ImplementationMethodExecutionInterceptor.invoke(RepositoryFactorySupport.java:628)
	at org.springframework.aop.framework.ReflectiveMethodInvocation.proceed(ReflectiveMethodInvocation.java:184)
	at org.springframework.data.repository.core.support.QueryExecutorMethodInterceptor.doInvoke(QueryExecutorMethodInterceptor.java:173)
	at org.springframework.data.repository.core.support.QueryExecutorMethodInterceptor.invoke(QueryExecutorMethodInterceptor.java:148)
	at org.springframework.aop.framework.ReflectiveMethodInvocation.proceed(ReflectiveMethodInvocation.java:184)
	at org.springframework.data.projection.DefaultMethodInvokingMethodInterceptor.invoke(DefaultMethodInvokingMethodInterceptor.java:70)
	at org.springframework.aop.framework.ReflectiveMethodInvocation.proceed(ReflectiveMethodInvocation.java:184)
	at org.springframework.transaction.interceptor.TransactionAspectSupport.invokeWithinTransaction(TransactionAspectSupport.java:379)
	at org.springframework.transaction.interceptor.TransactionInterceptor.invoke(TransactionInterceptor.java:119)
	at org.springframework.aop.framework.ReflectiveMethodInvocation.proceed(ReflectiveMethodInvocation.java:184)
	at org.springframework.dao.support.PersistenceExceptionTranslationInterceptor.invoke(PersistenceExceptionTranslationInterceptor.java:138)
	... 11 more
Caused by: org.h2.jdbc.JdbcSQLIntegrityConstraintViolationException: NULL not allowed for column "ID"; SQL statement:
insert into appliances (alert_date,alert_status,brand,category,condition_text,description,model,name,notes,purchase_date,recurring_interval,recurring_interval_days,serial_number,snooze_until,user_id,warranty_months) values (?,?,?,?,?,?,?,?,?,?,?,?,?,?,?,?) [23502-224]
	at org.h2.message.DbException.getJdbcSQLException(DbException.java:520)
	at org.h2.message.DbException.getJdbcSQLException(DbException.java:489)
	at org.h2.message.DbException.get(DbException.java:223)
	at org.h2.message.DbException.get(DbException.java:199)
	at org.h2.table.Column.validateConvertUpdateSequence(Column.java:365)
	at org.h2.table.Table.convertInsertRow(Table.java:936)
	at org.h2.command.dml.Insert.insertRows(Insert.java:167)
	at org.h2.command.dml.Insert.update(Insert.java:135)
	at org.h2.command.dml.DataChangeStatement.update(DataChangeStatement.java:74)
	at org.h2.command.CommandContainer.update(CommandContainer.java:169)
	at org.h2.command.Command.executeUpdate(Command.java:256)
	at org.h2.jdbc.JdbcPreparedStatement.executeUpdateInternal(JdbcPreparedStatement.java:216)
	at org.h2.jdbc.JdbcPreparedStatement.executeUpdate(JdbcPreparedStatement.java:174)
	at org.hibernate.engine.jdbc.internal.ResultSetReturnImpl.executeUpdate(ResultSetReturnImpl.java:194)
	... 57 more
]]></error>
    <system-out><![CDATA[09:58:06.003 [main] INFO org.springframework.test.context.support.AnnotationConfigContextLoaderUtils -- Could not detect default configuration classes for test class [com.example.demo.repository.ApplianceRepositoryTest]: ApplianceRepositoryTest does not declare any static, non-private, non-final, nested classes annotated with @Configuration.
09:58:06.050 [main] INFO org.springframework.boot.test.context.SpringBootTestContextBootstrapper -- Found @SpringBootConfiguration com.example.demo.DemoApplication for test class com.example.demo.repository.ApplianceRepositoryTest

  .   ____          _            __ _ _
 /\\ / ___'_ __ _ _(_)_ __  __ _ \ \ \ \
( ( )\___ | '_ | '_| | '_ \/ _` | \ \ \ \
 \\/  ___)| |_)| | | | | || (_| |  ) ) ) )
  '  |____| .__|_| |_|_| |_\__, | / / / /
 =========|_|==============|___/=/_/_/_/

 :: Spring Boot ::                (v3.3.4)

2025-12-11T09:58:06.179-06:00  INFO 42398 --- [           main] c.e.d.r.ApplianceRepositoryTest          : Starting ApplianceRepositoryTest using Java 21.0.9 with PID 42398 (started by keerthisudha in /Users/keerthisudha/development/project4-logbook/backend)
2025-12-11T09:58:06.179-06:00  INFO 42398 --- [           main] c.e.d.r.ApplianceRepositoryTest          : No active profile set, falling back to 1 default profile: "default"
2025-12-11T09:58:06.307-06:00  INFO 42398 --- [           main] .s.d.r.c.RepositoryConfigurationDelegate : Bootstrapping Spring Data JPA repositories in DEFAULT mode.
2025-12-11T09:58:06.327-06:00  INFO 42398 --- [           main] .s.d.r.c.RepositoryConfigurationDelegate : Finished Spring Data repository scanning in 17 ms. Found 2 JPA repository interfaces.
2025-12-11T09:58:06.348-06:00  INFO 42398 --- [           main] beddedDataSourceBeanFactoryPostProcessor : Replacing 'dataSource' DataSource bean with embedded version
2025-12-11T09:58:06.403-06:00  INFO 42398 --- [           main] o.s.j.d.e.EmbeddedDatabaseFactory        : Starting embedded database: url='jdbc:h2:mem:fb779e7e-79f9-4e31-a89f-220f427a2e75;DB_CLOSE_DELAY=-1;DB_CLOSE_ON_EXIT=false', username='sa'
2025-12-11T09:58:06.502-06:00  INFO 42398 --- [           main] o.hibernate.jpa.internal.util.LogHelper  : HHH000204: Processing PersistenceUnitInfo [name: default]
2025-12-11T09:58:06.528-06:00  INFO 42398 --- [           main] org.hibernate.Version                    : HHH000412: Hibernate ORM core version 6.5.3.Final
2025-12-11T09:58:06.539-06:00  INFO 42398 --- [           main] o.h.c.internal.RegionFactoryInitiator    : HHH000026: Second-level cache disabled
2025-12-11T09:58:06.641-06:00  INFO 42398 --- [           main] o.s.o.j.p.SpringPersistenceUnitInfo      : No LoadTimeWeaver setup: ignoring JPA class transformer
2025-12-11T09:58:06.956-06:00  INFO 42398 --- [           main] o.h.e.t.j.p.i.JtaPlatformInitiator       : HHH000489: No JTA platform available (set 'hibernate.transaction.jta.platform' to enable JTA platform integration)
2025-12-11T09:58:06.967-06:00 DEBUG 42398 --- [           main] org.hibernate.SQL                        : create table appliances (id integer, alert_date DATE, alert_status varchar(255), brand varchar(255), category varchar(255), condition_text varchar(255), description varchar(255), model varchar(255), name varchar(255) not null, notes varchar(255), purchase_date varchar(255), recurring_interval varchar(255), recurring_interval_days integer, serial_number varchar(255), snooze_until DATE, user_id bigint not null, warranty_months integer, primary key (id))
Hibernate: create table appliances (id integer, alert_date DATE, alert_status varchar(255), brand varchar(255), category varchar(255), condition_text varchar(255), description varchar(255), model varchar(255), name varchar(255) not null, notes varchar(255), purchase_date varchar(255), recurring_interval varchar(255), recurring_interval_days integer, serial_number varchar(255), snooze_until DATE, user_id bigint not null, warranty_months integer, primary key (id))
2025-12-11T09:58:06.969-06:00 DEBUG 42398 --- [           main] org.hibernate.SQL                        : create table users (id integer, birthday date, email varchar(255) not null unique, first_name varchar(255), last_name varchar(255), name varchar(255) not null, password varchar(255) not null, profile_picture_url varchar(255), primary key (id))
Hibernate: create table users (id integer, birthday date, email varchar(255) not null unique, first_name varchar(255), last_name varchar(255), name varchar(255) not null, password varchar(255) not null, profile_picture_url varchar(255), primary key (id))
2025-12-11T09:58:06.970-06:00 DEBUG 42398 --- [           main] org.hibernate.SQL                        : alter table users drop constraint UK6dotkott2kjsp8vw4d0m25fb7
Hibernate: alter table users drop constraint UK6dotkott2kjsp8vw4d0m25fb7
2025-12-11T09:58:06.972-06:00  INFO 42398 --- [           main] j.LocalContainerEntityManagerFactoryBean : Initialized JPA EntityManagerFactory for persistence unit 'default'
2025-12-11T09:58:07.102-06:00  INFO 42398 --- [           main] c.e.d.r.ApplianceRepositoryTest          : Started ApplianceRepositoryTest in 1.032 seconds (process running for 1.358)
2025-12-11T09:58:07.379-06:00 DEBUG 42398 --- [           main] org.hibernate.SQL                        : insert into appliances (alert_date,alert_status,brand,category,condition_text,description,model,name,notes,purchase_date,recurring_interval,recurring_interval_days,serial_number,snooze_until,user_id,warranty_months) values (?,?,?,?,?,?,?,?,?,?,?,?,?,?,?,?)
Hibernate: insert into appliances (alert_date,alert_status,brand,category,condition_text,description,model,name,notes,purchase_date,recurring_interval,recurring_interval_days,serial_number,snooze_until,user_id,warranty_months) values (?,?,?,?,?,?,?,?,?,?,?,?,?,?,?,?)
2025-12-11T09:58:07.381-06:00  WARN 42398 --- [           main] o.h.engine.jdbc.spi.SqlExceptionHelper   : SQL Error: 23502, SQLState: 23502
2025-12-11T09:58:07.381-06:00 ERROR 42398 --- [           main] o.h.engine.jdbc.spi.SqlExceptionHelper   : NULL not allowed for column "ID"; SQL statement:
insert into appliances (alert_date,alert_status,brand,category,condition_text,description,model,name,notes,purchase_date,recurring_interval,recurring_interval_days,serial_number,snooze_until,user_id,warranty_months) values (?,?,?,?,?,?,?,?,?,?,?,?,?,?,?,?) [23502-224]
]]></system-out>
    <system-err><![CDATA[WARNING: A Java agent has been loaded dynamically (/Users/keerthisudha/.m2/repository/net/bytebuddy/byte-buddy-agent/1.14.19/byte-buddy-agent-1.14.19.jar)
WARNING: If a serviceability tool is in use, please run with -XX:+EnableDynamicAgentLoading to hide this warning
WARNING: If a serviceability tool is not in use, please run with -Djdk.instrument.traceUsage for more information
WARNING: Dynamic loading of agents will be disallowed by default in a future release
]]></system-err>
  </testcase>
  <testcase name="testFindByUserIdAndId_NoMatch" classname="com.example.demo.repository.ApplianceRepositoryTest" time="0.005">
    <error message="could not execute statement [NULL not allowed for column &quot;ID&quot;; SQL statement:&#10;insert into appliances (alert_date,alert_status,brand,category,condition_text,description,model,name,notes,purchase_date,recurring_interval,recurring_interval_days,serial_number,snooze_until,user_id,warranty_months) values (?,?,?,?,?,?,?,?,?,?,?,?,?,?,?,?) [23502-224]] [insert into appliances (alert_date,alert_status,brand,category,condition_text,description,model,name,notes,purchase_date,recurring_interval,recurring_interval_days,serial_number,snooze_until,user_id,warranty_months) values (?,?,?,?,?,?,?,?,?,?,?,?,?,?,?,?)]; SQL [insert into appliances (alert_date,alert_status,brand,category,condition_text,description,model,name,notes,purchase_date,recurring_interval,recurring_interval_days,serial_number,snooze_until,user_id,warranty_months) values (?,?,?,?,?,?,?,?,?,?,?,?,?,?,?,?)]; constraint [null]" type="org.springframework.dao.DataIntegrityViolationException"><![CDATA[org.springframework.dao.DataIntegrityViolationException: 
could not execute statement [NULL not allowed for column "ID"; SQL statement:
insert into appliances (alert_date,alert_status,brand,category,condition_text,description,model,name,notes,purchase_date,recurring_interval,recurring_interval_days,serial_number,snooze_until,user_id,warranty_months) values (?,?,?,?,?,?,?,?,?,?,?,?,?,?,?,?) [23502-224]] [insert into appliances (alert_date,alert_status,brand,category,condition_text,description,model,name,notes,purchase_date,recurring_interval,recurring_interval_days,serial_number,snooze_until,user_id,warranty_months) values (?,?,?,?,?,?,?,?,?,?,?,?,?,?,?,?)]; SQL [insert into appliances (alert_date,alert_status,brand,category,condition_text,description,model,name,notes,purchase_date,recurring_interval,recurring_interval_days,serial_number,snooze_until,user_id,warranty_months) values (?,?,?,?,?,?,?,?,?,?,?,?,?,?,?,?)]; constraint [null]
	at org.springframework.orm.jpa.vendor.HibernateJpaDialect.convertHibernateAccessException(HibernateJpaDialect.java:290)
	at org.springframework.orm.jpa.vendor.HibernateJpaDialect.translateExceptionIfPossible(HibernateJpaDialect.java:241)
	at org.springframework.orm.jpa.AbstractEntityManagerFactoryBean.translateExceptionIfPossible(AbstractEntityManagerFactoryBean.java:550)
	at org.springframework.dao.support.ChainedPersistenceExceptionTranslator.translateExceptionIfPossible(ChainedPersistenceExceptionTranslator.java:61)
	at org.springframework.dao.support.DataAccessUtils.translateIfNecessary(DataAccessUtils.java:335)
	at org.springframework.dao.support.PersistenceExceptionTranslationInterceptor.invoke(PersistenceExceptionTranslationInterceptor.java:160)
	at org.springframework.aop.framework.ReflectiveMethodInvocation.proceed(ReflectiveMethodInvocation.java:184)
	at org.springframework.data.jpa.repository.support.CrudMethodMetadataPostProcessor$CrudMethodMetadataPopulatingMethodInterceptor.invoke(CrudMethodMetadataPostProcessor.java:165)
	at org.springframework.aop.framework.ReflectiveMethodInvocation.proceed(ReflectiveMethodInvocation.java:184)
	at org.springframework.aop.interceptor.ExposeInvocationInterceptor.invoke(ExposeInvocationInterceptor.java:97)
	at org.springframework.aop.framework.ReflectiveMethodInvocation.proceed(ReflectiveMethodInvocation.java:184)
	at org.springframework.aop.framework.JdkDynamicAopProxy.invoke(JdkDynamicAopProxy.java:223)
	at jdk.proxy2/jdk.proxy2.$Proxy118.save(Unknown Source)
	at com.example.demo.repository.ApplianceRepositoryTest.testFindByUserIdAndId_NoMatch(ApplianceRepositoryTest.java:96)
	at java.base/java.lang.reflect.Method.invoke(Method.java:580)
	at java.base/java.util.ArrayList.forEach(ArrayList.java:1596)
	at java.base/java.util.ArrayList.forEach(ArrayList.java:1596)
Caused by: org.hibernate.exception.ConstraintViolationException: could not execute statement [NULL not allowed for column "ID"; SQL statement:
insert into appliances (alert_date,alert_status,brand,category,condition_text,description,model,name,notes,purchase_date,recurring_interval,recurring_interval_days,serial_number,snooze_until,user_id,warranty_months) values (?,?,?,?,?,?,?,?,?,?,?,?,?,?,?,?) [23502-224]] [insert into appliances (alert_date,alert_status,brand,category,condition_text,description,model,name,notes,purchase_date,recurring_interval,recurring_interval_days,serial_number,snooze_until,user_id,warranty_months) values (?,?,?,?,?,?,?,?,?,?,?,?,?,?,?,?)]
	at org.hibernate.exception.internal.SQLExceptionTypeDelegate.convert(SQLExceptionTypeDelegate.java:62)
	at org.hibernate.exception.internal.StandardSQLExceptionConverter.convert(StandardSQLExceptionConverter.java:58)
	at org.hibernate.engine.jdbc.spi.SqlExceptionHelper.convert(SqlExceptionHelper.java:108)
	at org.hibernate.engine.jdbc.internal.ResultSetReturnImpl.executeUpdate(ResultSetReturnImpl.java:197)
	at org.hibernate.id.insert.AbstractSelectingDelegate.performMutation(AbstractSelectingDelegate.java:102)
	at org.hibernate.engine.jdbc.mutation.internal.MutationExecutorSingleNonBatched.performNonBatchedOperations(MutationExecutorSingleNonBatched.java:47)
	at org.hibernate.engine.jdbc.mutation.internal.AbstractMutationExecutor.execute(AbstractMutationExecutor.java:55)
	at org.hibernate.persister.entity.mutation.InsertCoordinatorStandard.doStaticInserts(InsertCoordinatorStandard.java:194)
	at org.hibernate.persister.entity.mutation.InsertCoordinatorStandard.coordinateInsert(InsertCoordinatorStandard.java:132)
	at org.hibernate.persister.entity.mutation.InsertCoordinatorStandard.insert(InsertCoordinatorStandard.java:95)
	at org.hibernate.action.internal.EntityIdentityInsertAction.execute(EntityIdentityInsertAction.java:85)
	at org.hibernate.engine.spi.ActionQueue.execute(ActionQueue.java:671)
	at org.hibernate.engine.spi.ActionQueue.addResolvedEntityInsertAction(ActionQueue.java:292)
	at org.hibernate.engine.spi.ActionQueue.addInsertAction(ActionQueue.java:273)
	at org.hibernate.engine.spi.ActionQueue.addAction(ActionQueue.java:323)
	at org.hibernate.event.internal.AbstractSaveEventListener.addInsertAction(AbstractSaveEventListener.java:391)
	at org.hibernate.event.internal.AbstractSaveEventListener.performSaveOrReplicate(AbstractSaveEventListener.java:305)
	at org.hibernate.event.internal.AbstractSaveEventListener.performSave(AbstractSaveEventListener.java:224)
	at org.hibernate.event.internal.AbstractSaveEventListener.saveWithGeneratedId(AbstractSaveEventListener.java:137)
	at org.hibernate.event.internal.DefaultPersistEventListener.entityIsTransient(DefaultPersistEventListener.java:175)
	at org.hibernate.event.internal.DefaultPersistEventListener.persist(DefaultPersistEventListener.java:93)
	at org.hibernate.event.internal.DefaultPersistEventListener.onPersist(DefaultPersistEventListener.java:77)
	at org.hibernate.event.internal.DefaultPersistEventListener.onPersist(DefaultPersistEventListener.java:54)
	at org.hibernate.event.service.internal.EventListenerGroupImpl.fireEventOnEachListener(EventListenerGroupImpl.java:127)
	at org.hibernate.internal.SessionImpl.firePersist(SessionImpl.java:757)
	at org.hibernate.internal.SessionImpl.persist(SessionImpl.java:741)
	at java.base/jdk.internal.reflect.DirectMethodHandleAccessor.invoke(DirectMethodHandleAccessor.java:103)
	at java.base/java.lang.reflect.Method.invoke(Method.java:580)
	at org.springframework.orm.jpa.SharedEntityManagerCreator$SharedEntityManagerInvocationHandler.invoke(SharedEntityManagerCreator.java:319)
	at jdk.proxy2/jdk.proxy2.$Proxy111.persist(Unknown Source)
	at org.springframework.data.jpa.repository.support.SimpleJpaRepository.save(SimpleJpaRepository.java:626)
	at java.base/jdk.internal.reflect.DirectMethodHandleAccessor.invoke(DirectMethodHandleAccessor.java:103)
	at java.base/java.lang.reflect.Method.invoke(Method.java:580)
	at org.springframework.aop.support.AopUtils.invokeJoinpointUsingReflection(AopUtils.java:355)
	at org.springframework.data.repository.core.support.RepositoryMethodInvoker$RepositoryFragmentMethodInvoker.lambda$new$0(RepositoryMethodInvoker.java:277)
	at org.springframework.data.repository.core.support.RepositoryMethodInvoker.doInvoke(RepositoryMethodInvoker.java:170)
	at org.springframework.data.repository.core.support.RepositoryMethodInvoker.invoke(RepositoryMethodInvoker.java:158)
	at org.springframework.data.repository.core.support.RepositoryComposition$RepositoryFragments.invoke(RepositoryComposition.java:516)
	at org.springframework.data.repository.core.support.RepositoryComposition.invoke(RepositoryComposition.java:285)
	at org.springframework.data.repository.core.support.RepositoryFactorySupport$ImplementationMethodExecutionInterceptor.invoke(RepositoryFactorySupport.java:628)
	at org.springframework.aop.framework.ReflectiveMethodInvocation.proceed(ReflectiveMethodInvocation.java:184)
	at org.springframework.data.repository.core.support.QueryExecutorMethodInterceptor.doInvoke(QueryExecutorMethodInterceptor.java:173)
	at org.springframework.data.repository.core.support.QueryExecutorMethodInterceptor.invoke(QueryExecutorMethodInterceptor.java:148)
	at org.springframework.aop.framework.ReflectiveMethodInvocation.proceed(ReflectiveMethodInvocation.java:184)
	at org.springframework.data.projection.DefaultMethodInvokingMethodInterceptor.invoke(DefaultMethodInvokingMethodInterceptor.java:70)
	at org.springframework.aop.framework.ReflectiveMethodInvocation.proceed(ReflectiveMethodInvocation.java:184)
	at org.springframework.transaction.interceptor.TransactionAspectSupport.invokeWithinTransaction(TransactionAspectSupport.java:379)
	at org.springframework.transaction.interceptor.TransactionInterceptor.invoke(TransactionInterceptor.java:119)
	at org.springframework.aop.framework.ReflectiveMethodInvocation.proceed(ReflectiveMethodInvocation.java:184)
	at org.springframework.dao.support.PersistenceExceptionTranslationInterceptor.invoke(PersistenceExceptionTranslationInterceptor.java:138)
	... 11 more
Caused by: org.h2.jdbc.JdbcSQLIntegrityConstraintViolationException: NULL not allowed for column "ID"; SQL statement:
insert into appliances (alert_date,alert_status,brand,category,condition_text,description,model,name,notes,purchase_date,recurring_interval,recurring_interval_days,serial_number,snooze_until,user_id,warranty_months) values (?,?,?,?,?,?,?,?,?,?,?,?,?,?,?,?) [23502-224]
	at org.h2.message.DbException.getJdbcSQLException(DbException.java:520)
	at org.h2.message.DbException.getJdbcSQLException(DbException.java:489)
	at org.h2.message.DbException.get(DbException.java:223)
	at org.h2.message.DbException.get(DbException.java:199)
	at org.h2.table.Column.validateConvertUpdateSequence(Column.java:365)
	at org.h2.table.Table.convertInsertRow(Table.java:936)
	at org.h2.command.dml.Insert.insertRows(Insert.java:167)
	at org.h2.command.dml.Insert.update(Insert.java:135)
	at org.h2.command.dml.DataChangeStatement.update(DataChangeStatement.java:74)
	at org.h2.command.CommandContainer.update(CommandContainer.java:169)
	at org.h2.command.Command.executeUpdate(Command.java:256)
	at org.h2.jdbc.JdbcPreparedStatement.executeUpdateInternal(JdbcPreparedStatement.java:216)
	at org.h2.jdbc.JdbcPreparedStatement.executeUpdate(JdbcPreparedStatement.java:174)
	at org.hibernate.engine.jdbc.internal.ResultSetReturnImpl.executeUpdate(ResultSetReturnImpl.java:194)
	... 57 more
]]></error>
    <system-out><![CDATA[2025-12-11T09:58:07.400-06:00 DEBUG 42398 --- [           main] org.hibernate.SQL                        : insert into appliances (alert_date,alert_status,brand,category,condition_text,description,model,name,notes,purchase_date,recurring_interval,recurring_interval_days,serial_number,snooze_until,user_id,warranty_months) values (?,?,?,?,?,?,?,?,?,?,?,?,?,?,?,?)
Hibernate: insert into appliances (alert_date,alert_status,brand,category,condition_text,description,model,name,notes,purchase_date,recurring_interval,recurring_interval_days,serial_number,snooze_until,user_id,warranty_months) values (?,?,?,?,?,?,?,?,?,?,?,?,?,?,?,?)
2025-12-11T09:58:07.401-06:00  WARN 42398 --- [           main] o.h.engine.jdbc.spi.SqlExceptionHelper   : SQL Error: 23502, SQLState: 23502
2025-12-11T09:58:07.401-06:00 ERROR 42398 --- [           main] o.h.engine.jdbc.spi.SqlExceptionHelper   : NULL not allowed for column "ID"; SQL statement:
insert into appliances (alert_date,alert_status,brand,category,condition_text,description,model,name,notes,purchase_date,recurring_interval,recurring_interval_days,serial_number,snooze_until,user_id,warranty_months) values (?,?,?,?,?,?,?,?,?,?,?,?,?,?,?,?) [23502-224]
]]></system-out>
  </testcase>
  <testcase name="testFindByUserIdAndId" classname="com.example.demo.repository.ApplianceRepositoryTest" time="0.004">
    <error message="could not execute statement [NULL not allowed for column &quot;ID&quot;; SQL statement:&#10;insert into appliances (alert_date,alert_status,brand,category,condition_text,description,model,name,notes,purchase_date,recurring_interval,recurring_interval_days,serial_number,snooze_until,user_id,warranty_months) values (?,?,?,?,?,?,?,?,?,?,?,?,?,?,?,?) [23502-224]] [insert into appliances (alert_date,alert_status,brand,category,condition_text,description,model,name,notes,purchase_date,recurring_interval,recurring_interval_days,serial_number,snooze_until,user_id,warranty_months) values (?,?,?,?,?,?,?,?,?,?,?,?,?,?,?,?)]; SQL [insert into appliances (alert_date,alert_status,brand,category,condition_text,description,model,name,notes,purchase_date,recurring_interval,recurring_interval_days,serial_number,snooze_until,user_id,warranty_months) values (?,?,?,?,?,?,?,?,?,?,?,?,?,?,?,?)]; constraint [null]" type="org.springframework.dao.DataIntegrityViolationException"><![CDATA[org.springframework.dao.DataIntegrityViolationException: 
could not execute statement [NULL not allowed for column "ID"; SQL statement:
insert into appliances (alert_date,alert_status,brand,category,condition_text,description,model,name,notes,purchase_date,recurring_interval,recurring_interval_days,serial_number,snooze_until,user_id,warranty_months) values (?,?,?,?,?,?,?,?,?,?,?,?,?,?,?,?) [23502-224]] [insert into appliances (alert_date,alert_status,brand,category,condition_text,description,model,name,notes,purchase_date,recurring_interval,recurring_interval_days,serial_number,snooze_until,user_id,warranty_months) values (?,?,?,?,?,?,?,?,?,?,?,?,?,?,?,?)]; SQL [insert into appliances (alert_date,alert_status,brand,category,condition_text,description,model,name,notes,purchase_date,recurring_interval,recurring_interval_days,serial_number,snooze_until,user_id,warranty_months) values (?,?,?,?,?,?,?,?,?,?,?,?,?,?,?,?)]; constraint [null]
	at org.springframework.orm.jpa.vendor.HibernateJpaDialect.convertHibernateAccessException(HibernateJpaDialect.java:290)
	at org.springframework.orm.jpa.vendor.HibernateJpaDialect.translateExceptionIfPossible(HibernateJpaDialect.java:241)
	at org.springframework.orm.jpa.AbstractEntityManagerFactoryBean.translateExceptionIfPossible(AbstractEntityManagerFactoryBean.java:550)
	at org.springframework.dao.support.ChainedPersistenceExceptionTranslator.translateExceptionIfPossible(ChainedPersistenceExceptionTranslator.java:61)
	at org.springframework.dao.support.DataAccessUtils.translateIfNecessary(DataAccessUtils.java:335)
	at org.springframework.dao.support.PersistenceExceptionTranslationInterceptor.invoke(PersistenceExceptionTranslationInterceptor.java:160)
	at org.springframework.aop.framework.ReflectiveMethodInvocation.proceed(ReflectiveMethodInvocation.java:184)
	at org.springframework.data.jpa.repository.support.CrudMethodMetadataPostProcessor$CrudMethodMetadataPopulatingMethodInterceptor.invoke(CrudMethodMetadataPostProcessor.java:165)
	at org.springframework.aop.framework.ReflectiveMethodInvocation.proceed(ReflectiveMethodInvocation.java:184)
	at org.springframework.aop.interceptor.ExposeInvocationInterceptor.invoke(ExposeInvocationInterceptor.java:97)
	at org.springframework.aop.framework.ReflectiveMethodInvocation.proceed(ReflectiveMethodInvocation.java:184)
	at org.springframework.aop.framework.JdkDynamicAopProxy.invoke(JdkDynamicAopProxy.java:223)
	at jdk.proxy2/jdk.proxy2.$Proxy118.save(Unknown Source)
	at com.example.demo.repository.ApplianceRepositoryTest.testFindByUserIdAndId(ApplianceRepositoryTest.java:75)
	at java.base/java.lang.reflect.Method.invoke(Method.java:580)
	at java.base/java.util.ArrayList.forEach(ArrayList.java:1596)
	at java.base/java.util.ArrayList.forEach(ArrayList.java:1596)
Caused by: org.hibernate.exception.ConstraintViolationException: could not execute statement [NULL not allowed for column "ID"; SQL statement:
insert into appliances (alert_date,alert_status,brand,category,condition_text,description,model,name,notes,purchase_date,recurring_interval,recurring_interval_days,serial_number,snooze_until,user_id,warranty_months) values (?,?,?,?,?,?,?,?,?,?,?,?,?,?,?,?) [23502-224]] [insert into appliances (alert_date,alert_status,brand,category,condition_text,description,model,name,notes,purchase_date,recurring_interval,recurring_interval_days,serial_number,snooze_until,user_id,warranty_months) values (?,?,?,?,?,?,?,?,?,?,?,?,?,?,?,?)]
	at org.hibernate.exception.internal.SQLExceptionTypeDelegate.convert(SQLExceptionTypeDelegate.java:62)
	at org.hibernate.exception.internal.StandardSQLExceptionConverter.convert(StandardSQLExceptionConverter.java:58)
	at org.hibernate.engine.jdbc.spi.SqlExceptionHelper.convert(SqlExceptionHelper.java:108)
	at org.hibernate.engine.jdbc.internal.ResultSetReturnImpl.executeUpdate(ResultSetReturnImpl.java:197)
	at org.hibernate.id.insert.AbstractSelectingDelegate.performMutation(AbstractSelectingDelegate.java:102)
	at org.hibernate.engine.jdbc.mutation.internal.MutationExecutorSingleNonBatched.performNonBatchedOperations(MutationExecutorSingleNonBatched.java:47)
	at org.hibernate.engine.jdbc.mutation.internal.AbstractMutationExecutor.execute(AbstractMutationExecutor.java:55)
	at org.hibernate.persister.entity.mutation.InsertCoordinatorStandard.doStaticInserts(InsertCoordinatorStandard.java:194)
	at org.hibernate.persister.entity.mutation.InsertCoordinatorStandard.coordinateInsert(InsertCoordinatorStandard.java:132)
	at org.hibernate.persister.entity.mutation.InsertCoordinatorStandard.insert(InsertCoordinatorStandard.java:95)
	at org.hibernate.action.internal.EntityIdentityInsertAction.execute(EntityIdentityInsertAction.java:85)
	at org.hibernate.engine.spi.ActionQueue.execute(ActionQueue.java:671)
	at org.hibernate.engine.spi.ActionQueue.addResolvedEntityInsertAction(ActionQueue.java:292)
	at org.hibernate.engine.spi.ActionQueue.addInsertAction(ActionQueue.java:273)
	at org.hibernate.engine.spi.ActionQueue.addAction(ActionQueue.java:323)
	at org.hibernate.event.internal.AbstractSaveEventListener.addInsertAction(AbstractSaveEventListener.java:391)
	at org.hibernate.event.internal.AbstractSaveEventListener.performSaveOrReplicate(AbstractSaveEventListener.java:305)
	at org.hibernate.event.internal.AbstractSaveEventListener.performSave(AbstractSaveEventListener.java:224)
	at org.hibernate.event.internal.AbstractSaveEventListener.saveWithGeneratedId(AbstractSaveEventListener.java:137)
	at org.hibernate.event.internal.DefaultPersistEventListener.entityIsTransient(DefaultPersistEventListener.java:175)
	at org.hibernate.event.internal.DefaultPersistEventListener.persist(DefaultPersistEventListener.java:93)
	at org.hibernate.event.internal.DefaultPersistEventListener.onPersist(DefaultPersistEventListener.java:77)
	at org.hibernate.event.internal.DefaultPersistEventListener.onPersist(DefaultPersistEventListener.java:54)
	at org.hibernate.event.service.internal.EventListenerGroupImpl.fireEventOnEachListener(EventListenerGroupImpl.java:127)
	at org.hibernate.internal.SessionImpl.firePersist(SessionImpl.java:757)
	at org.hibernate.internal.SessionImpl.persist(SessionImpl.java:741)
	at java.base/jdk.internal.reflect.DirectMethodHandleAccessor.invoke(DirectMethodHandleAccessor.java:103)
	at java.base/java.lang.reflect.Method.invoke(Method.java:580)
	at org.springframework.orm.jpa.SharedEntityManagerCreator$SharedEntityManagerInvocationHandler.invoke(SharedEntityManagerCreator.java:319)
	at jdk.proxy2/jdk.proxy2.$Proxy111.persist(Unknown Source)
	at org.springframework.data.jpa.repository.support.SimpleJpaRepository.save(SimpleJpaRepository.java:626)
	at java.base/jdk.internal.reflect.DirectMethodHandleAccessor.invoke(DirectMethodHandleAccessor.java:103)
	at java.base/java.lang.reflect.Method.invoke(Method.java:580)
	at org.springframework.aop.support.AopUtils.invokeJoinpointUsingReflection(AopUtils.java:355)
	at org.springframework.data.repository.core.support.RepositoryMethodInvoker$RepositoryFragmentMethodInvoker.lambda$new$0(RepositoryMethodInvoker.java:277)
	at org.springframework.data.repository.core.support.RepositoryMethodInvoker.doInvoke(RepositoryMethodInvoker.java:170)
	at org.springframework.data.repository.core.support.RepositoryMethodInvoker.invoke(RepositoryMethodInvoker.java:158)
	at org.springframework.data.repository.core.support.RepositoryComposition$RepositoryFragments.invoke(RepositoryComposition.java:516)
	at org.springframework.data.repository.core.support.RepositoryComposition.invoke(RepositoryComposition.java:285)
	at org.springframework.data.repository.core.support.RepositoryFactorySupport$ImplementationMethodExecutionInterceptor.invoke(RepositoryFactorySupport.java:628)
	at org.springframework.aop.framework.ReflectiveMethodInvocation.proceed(ReflectiveMethodInvocation.java:184)
	at org.springframework.data.repository.core.support.QueryExecutorMethodInterceptor.doInvoke(QueryExecutorMethodInterceptor.java:173)
	at org.springframework.data.repository.core.support.QueryExecutorMethodInterceptor.invoke(QueryExecutorMethodInterceptor.java:148)
	at org.springframework.aop.framework.ReflectiveMethodInvocation.proceed(ReflectiveMethodInvocation.java:184)
	at org.springframework.data.projection.DefaultMethodInvokingMethodInterceptor.invoke(DefaultMethodInvokingMethodInterceptor.java:70)
	at org.springframework.aop.framework.ReflectiveMethodInvocation.proceed(ReflectiveMethodInvocation.java:184)
	at org.springframework.transaction.interceptor.TransactionAspectSupport.invokeWithinTransaction(TransactionAspectSupport.java:379)
	at org.springframework.transaction.interceptor.TransactionInterceptor.invoke(TransactionInterceptor.java:119)
	at org.springframework.aop.framework.ReflectiveMethodInvocation.proceed(ReflectiveMethodInvocation.java:184)
	at org.springframework.dao.support.PersistenceExceptionTranslationInterceptor.invoke(PersistenceExceptionTranslationInterceptor.java:138)
	... 11 more
Caused by: org.h2.jdbc.JdbcSQLIntegrityConstraintViolationException: NULL not allowed for column "ID"; SQL statement:
insert into appliances (alert_date,alert_status,brand,category,condition_text,description,model,name,notes,purchase_date,recurring_interval,recurring_interval_days,serial_number,snooze_until,user_id,warranty_months) values (?,?,?,?,?,?,?,?,?,?,?,?,?,?,?,?) [23502-224]
	at org.h2.message.DbException.getJdbcSQLException(DbException.java:520)
	at org.h2.message.DbException.getJdbcSQLException(DbException.java:489)
	at org.h2.message.DbException.get(DbException.java:223)
	at org.h2.message.DbException.get(DbException.java:199)
	at org.h2.table.Column.validateConvertUpdateSequence(Column.java:365)
	at org.h2.table.Table.convertInsertRow(Table.java:936)
	at org.h2.command.dml.Insert.insertRows(Insert.java:167)
	at org.h2.command.dml.Insert.update(Insert.java:135)
	at org.h2.command.dml.DataChangeStatement.update(DataChangeStatement.java:74)
	at org.h2.command.CommandContainer.update(CommandContainer.java:169)
	at org.h2.command.Command.executeUpdate(Command.java:256)
	at org.h2.jdbc.JdbcPreparedStatement.executeUpdateInternal(JdbcPreparedStatement.java:216)
	at org.h2.jdbc.JdbcPreparedStatement.executeUpdate(JdbcPreparedStatement.java:174)
	at org.hibernate.engine.jdbc.internal.ResultSetReturnImpl.executeUpdate(ResultSetReturnImpl.java:194)
	... 57 more
]]></error>
    <system-out><![CDATA[2025-12-11T09:58:07.407-06:00 DEBUG 42398 --- [           main] org.hibernate.SQL                        : insert into appliances (alert_date,alert_status,brand,category,condition_text,description,model,name,notes,purchase_date,recurring_interval,recurring_interval_days,serial_number,snooze_until,user_id,warranty_months) values (?,?,?,?,?,?,?,?,?,?,?,?,?,?,?,?)
Hibernate: insert into appliances (alert_date,alert_status,brand,category,condition_text,description,model,name,notes,purchase_date,recurring_interval,recurring_interval_days,serial_number,snooze_until,user_id,warranty_months) values (?,?,?,?,?,?,?,?,?,?,?,?,?,?,?,?)
2025-12-11T09:58:07.407-06:00  WARN 42398 --- [           main] o.h.engine.jdbc.spi.SqlExceptionHelper   : SQL Error: 23502, SQLState: 23502
2025-12-11T09:58:07.407-06:00 ERROR 42398 --- [           main] o.h.engine.jdbc.spi.SqlExceptionHelper   : NULL not allowed for column "ID"; SQL statement:
insert into appliances (alert_date,alert_status,brand,category,condition_text,description,model,name,notes,purchase_date,recurring_interval,recurring_interval_days,serial_number,snooze_until,user_id,warranty_months) values (?,?,?,?,?,?,?,?,?,?,?,?,?,?,?,?) [23502-224]
]]></system-out>
  </testcase>
</testsuite>